0 info it worked if it ends with ok
1 verbose cli [ 'node', '/usr/local/bin/npm', 'update', '-g', 'bower' ]
2 info using npm@2.5.1
3 info using node@v0.12.0
4 verbose node symlink /usr/local/bin/node
5 silly mapToRegistry name bower
6 silly mapToRegistry using default registry
7 silly mapToRegistry registry https://registry.npmjs.org/
8 silly mapToRegistry uri https://registry.npmjs.org/bower
9 verbose request uri https://registry.npmjs.org/bower
10 verbose request no auth needed
11 info attempt registry request try #1 at 15:07:11
12 verbose request id 39df86534ae04464
13 verbose etag "7RBXY4HEXOHYOWHPYY96OXACP"
14 http request GET https://registry.npmjs.org/bower
15 http 200 https://registry.npmjs.org/bower
16 silly get cb [ 200,
16 silly get   { server: 'CouchDB/1.5.0 (Erlang OTP/R16B03)',
16 silly get     etag: '"AHUG6I6FSKDJVXVZZ03DKMYIK"',
16 silly get     'content-type': 'application/json',
16 silly get     'cache-control': 'max-age=60',
16 silly get     'content-length': '158209',
16 silly get     'accept-ranges': 'bytes',
16 silly get     date: 'Tue, 08 Dec 2015 21:07:12 GMT',
16 silly get     via: '1.1 varnish',
16 silly get     age: '43',
16 silly get     connection: 'keep-alive',
16 silly get     'x-served-by': 'cache-ord1724-ORD',
16 silly get     'x-cache': 'HIT',
16 silly get     'x-cache-hits': '1',
16 silly get     'x-timer': 'S1449608832.095043,VS0,VE0',
16 silly get     vary: 'Accept' } ]
17 verbose get saving bower to /Users/ericboyer/.npm/registry.npmjs.org/bower/.cache.json
18 info outdated updating [ [ '/usr/local/lib', 'bower', '1.3.12', '1.7.0', '1.7.0', 'latest' ] ]
19 verbose install where, what [ '/usr/local/lib', [ 'bower@1.7.0' ] ]
20 silly cache add args [ 'bower@1.7.0', null ]
21 verbose cache add spec bower@1.7.0
22 silly cache add parsed spec { raw: 'bower@1.7.0',
22 silly cache add   scope: null,
22 silly cache add   name: 'bower',
22 silly cache add   rawSpec: '1.7.0',
22 silly cache add   spec: '1.7.0',
22 silly cache add   type: 'version' }
23 verbose addNamed bower@1.7.0
24 silly addNamed semver.valid 1.7.0
25 silly addNamed semver.validRange 1.7.0
26 silly mapToRegistry name bower
27 silly mapToRegistry using default registry
28 silly mapToRegistry registry https://registry.npmjs.org/
29 silly mapToRegistry uri https://registry.npmjs.org/bower
30 verbose addNameVersion registry:https://registry.npmjs.org/bower not in flight; fetching
31 verbose get https://registry.npmjs.org/bower not expired, no request
32 silly mapToRegistry name bower
33 silly mapToRegistry using default registry
34 silly mapToRegistry registry https://registry.npmjs.org/
35 silly mapToRegistry uri https://registry.npmjs.org/bower
36 verbose addRemoteTarball https://registry.npmjs.org/bower/-/bower-1.7.0.tgz not in flight; adding
37 verbose addRemoteTarball [ 'https://registry.npmjs.org/bower/-/bower-1.7.0.tgz',
37 verbose addRemoteTarball   '55c9bf39f5547c02ed5469f67635637128adae29' ]
38 info retry fetch attempt 1 at 15:07:12
39 info attempt registry request try #1 at 15:07:12
40 http fetch GET https://registry.npmjs.org/bower/-/bower-1.7.0.tgz
41 http fetch 200 https://registry.npmjs.org/bower/-/bower-1.7.0.tgz
42 silly fetchAndShaCheck shasum 55c9bf39f5547c02ed5469f67635637128adae29
43 verbose addTmpTarball /var/folders/46/1q80qg894t7_fwmh_pz_29wc0000gp/T/npm-19363-6141fe50/registry.npmjs.org/bower/-/bower-1.7.0.tgz not in flight; adding
44 verbose addTmpTarball already have metadata; skipping unpack for bower@1.7.0
45 silly cache afterAdd bower@1.7.0
46 verbose afterAdd /Users/ericboyer/.npm/bower/1.7.0/package/package.json not in flight; writing
47 verbose afterAdd /Users/ericboyer/.npm/bower/1.7.0/package/package.json written
48 silly install resolved [ { name: 'bower',
48 silly install resolved     version: '1.7.0',
48 silly install resolved     description: 'The browser package manager',
48 silly install resolved     author: { name: 'Twitter' },
48 silly install resolved     license: 'MIT',
48 silly install resolved     repository: { type: 'git', url: 'git+https://github.com/bower/bower.git' },
48 silly install resolved     main: 'lib',
48 silly install resolved     homepage: 'http://bower.io',
48 silly install resolved     engines: { node: '>=0.10.0' },
48 silly install resolved     keywords: [ 'bower' ],
48 silly install resolved     dependencies:
48 silly install resolved      { abbrev: '^1.0.5',
48 silly install resolved        archy: '1.0.0',
48 silly install resolved        'bower-config': '^1.3.0',
48 silly install resolved        'bower-endpoint-parser': '^0.2.2',
48 silly install resolved        'bower-json': '^0.4.0',
48 silly install resolved        'bower-logger': '^0.2.2',
48 silly install resolved        'bower-registry-client': '^1.0.0',
48 silly install resolved        cardinal: '0.4.4',
48 silly install resolved        chalk: '^1.0.0',
48 silly install resolved        chmodr: '^1.0.2',
48 silly install resolved        configstore: '^0.3.2',
48 silly install resolved        'decompress-zip': '^0.1.0',
48 silly install resolved        destroy: '^1.0.3',
48 silly install resolved        'fs-write-stream-atomic': '^1.0.5',
48 silly install resolved        fstream: '^1.0.3',
48 silly install resolved        'fstream-ignore': '^1.0.2',
48 silly install resolved        github: '^0.2.3',
48 silly install resolved        glob: '^4.3.2',
48 silly install resolved        'graceful-fs': '^3.0.5',
48 silly install resolved        handlebars: '^2.0.0',
48 silly install resolved        inquirer: '0.10.0',
48 silly install resolved        insight: '^0.7.0',
48 silly install resolved        'is-root': '^1.0.0',
48 silly install resolved        junk: '^1.0.0',
48 silly install resolved        lockfile: '^1.0.0',
48 silly install resolved        'lru-cache': '^2.5.0',
48 silly install resolved        'md5-hex': '^1.0.2',
48 silly install resolved        mkdirp: '0.5.0',
48 silly install resolved        mout: '^0.11.0',
48 silly install resolved        nopt: '^3.0.1',
48 silly install resolved        opn: '^1.0.1',
48 silly install resolved        'p-throttler': '0.1.1',
48 silly install resolved        promptly: '0.2.0',
48 silly install resolved        q: '^1.1.2',
48 silly install resolved        request: '2.53.0',
48 silly install resolved        'request-progress': '0.3.1',
48 silly install resolved        retry: '0.6.1',
48 silly install resolved        rimraf: '^2.2.8',
48 silly install resolved        semver: '^2.3.0',
48 silly install resolved        'shell-quote': '^1.4.2',
48 silly install resolved        'stringify-object': '^1.0.0',
48 silly install resolved        'tar-fs': '^1.4.1',
48 silly install resolved        tmp: '0.0.24',
48 silly install resolved        'update-notifier': '^0.3.0',
48 silly install resolved        'user-home': '^1.1.0',
48 silly install resolved        which: '^1.0.8' },
48 silly install resolved     devDependencies:
48 silly install resolved      { chai: '^1.10.0',
48 silly install resolved        coveralls: '^2.11.2',
48 silly install resolved        'expect.js': '^0.3.1',
48 silly install resolved        grunt: '^0.4.5',
48 silly install resolved        'grunt-cli': '^0.1.13',
48 silly install resolved        'grunt-contrib-jshint': '^0.10.0',
48 silly install resolved        'grunt-contrib-watch': '^0.6.1',
48 silly install resolved        'grunt-exec': '^0.4.6',
48 silly install resolved        'grunt-jscs': '^2.3.0',
48 silly install resolved        'grunt-simple-mocha': '^0.4.0',
48 silly install resolved        istanbul: '^0.3.5',
48 silly install resolved        'load-grunt-tasks': '^2.0.0',
48 silly install resolved        mocha: '^2.1.0',
48 silly install resolved        multiline: '^1.0.2',
48 silly install resolved        nock: '^3.1.0',
48 silly install resolved        'node-uuid': '^1.4.2',
48 silly install resolved        proxyquire: '^1.3.0',
48 silly install resolved        'spawn-sync': '1.0.13' },
48 silly install resolved     scripts: { test: 'grunt test' },
48 silly install resolved     bin: { bower: 'bin/bower' },
48 silly install resolved     files: [ 'bin', 'lib', 'templates' ],
48 silly install resolved     gitHead: '338ac99080d464cbc7c2c27cddae31207da6e527',
48 silly install resolved     bugs: { url: 'https://github.com/bower/bower/issues' },
48 silly install resolved     bundleDependencies:
48 silly install resolved      [ 'abbrev',
48 silly install resolved        'archy',
48 silly install resolved        'bower-config',
48 silly install resolved        'bower-endpoint-parser',
48 silly install resolved        'bower-json',
48 silly install resolved        'bower-logger',
48 silly install resolved        'bower-registry-client',
48 silly install resolved        'cardinal',
48 silly install resolved        'chalk',
48 silly install resolved        'chmodr',
48 silly install resolved        'configstore',
48 silly install resolved        'decompress-zip',
48 silly install resolved        'destroy',
48 silly install resolved        'fs-write-stream-atomic',
48 silly install resolved        'fstream',
48 silly install resolved        'fstream-ignore',
48 silly install resolved        'github',
48 silly install resolved        'glob',
48 silly install resolved        'graceful-fs',
48 silly install resolved        'handlebars',
48 silly install resolved        'inquirer',
48 silly install resolved        'insight',
48 silly install resolved        'is-root',
48 silly install resolved        'junk',
48 silly install resolved        'lockfile',
48 silly install resolved        'lru-cache',
48 silly install resolved        'md5-hex',
48 silly install resolved        'mkdirp',
48 silly install resolved        'mout',
48 silly install resolved        'nopt',
48 silly install resolved        'opn',
48 silly install resolved        'p-throttler',
48 silly install resolved        'promptly',
48 silly install resolved        'q',
48 silly install resolved        'request',
48 silly install resolved        'request-progress',
48 silly install resolved        'retry',
48 silly install resolved        'rimraf',
48 silly install resolved        'semver',
48 silly install resolved        'shell-quote',
48 silly install resolved        'stringify-object',
48 silly install resolved        'tar-fs',
48 silly install resolved        'tmp',
48 silly install resolved        'update-notifier',
48 silly install resolved        'user-home',
48 silly install resolved        'which' ],
48 silly install resolved     _id: 'bower@1.7.0',
48 silly install resolved     _shasum: '55c9bf39f5547c02ed5469f67635637128adae29',
48 silly install resolved     _from: 'bower@1.7.0',
48 silly install resolved     _npmVersion: '2.14.4',
48 silly install resolved     _nodeVersion: '4.1.1',
48 silly install resolved     _npmUser: { name: 'sheerun', email: 'sheerun@sher.pl' },
48 silly install resolved     dist:
48 silly install resolved      { shasum: '55c9bf39f5547c02ed5469f67635637128adae29',
48 silly install resolved        tarball: 'http://registry.npmjs.org/bower/-/bower-1.7.0.tgz' },
48 silly install resolved     maintainers:
48 silly install resolved      [ [Object],
48 silly install resolved        [Object],
48 silly install resolved        [Object],
48 silly install resolved        [Object],
48 silly install resolved        [Object],
48 silly install resolved        [Object],
48 silly install resolved        [Object] ],
48 silly install resolved     directories: {},
48 silly install resolved     _resolved: 'https://registry.npmjs.org/bower/-/bower-1.7.0.tgz' } ]
49 info install bower@1.7.0 into /usr/local/lib
50 info installOne bower@1.7.0
51 verbose installOne of bower to /usr/local/lib not in flight; installing
52 verbose lock using /Users/ericboyer/.npm/_locks/bower-e8debc5417026b57.lock for /usr/local/lib/node_modules/bower
53 silly install write writing bower 1.7.0 to /usr/local/lib/node_modules/bower
54 silly cache addNamed cb bower@1.7.0
55 verbose unbuild lib/node_modules/bower
56 info preuninstall bower@1.3.12
57 info uninstall bower@1.3.12
58 verbose unbuild rmStuff bower@1.3.12 from /usr/local/lib/node_modules
59 verbose gentlyRm verifying that /usr/local is managed by npm
60 silly isManaged /usr/local is not inside /usr/local/lib/node_modules
61 silly isManaged /usr/local is not inside /usr/local/lib/node_modules
62 silly isManaged /usr/local/bin is inside /usr/local
63 silly gentlyRm /usr/local is managed by npm
64 silly gentlyRm /usr/local/bin/bower is under /usr/local
65 verbose gentlyRm vacuuming /usr/local/bin/bower up to /usr/local
66 silly gentlyRm removing /usr/local/bin/bower
67 verbose unlock done using /Users/ericboyer/.npm/_locks/bower-e8debc5417026b57.lock for /usr/local/lib/node_modules/bower
68 verbose stack Error: EACCES, unlink '/usr/local/bin/bower'
68 verbose stack     at Error (native)
69 verbose cwd /Users/ericboyer/Sites/eboyer.io:teaching.io
70 error Darwin 14.5.0
71 error argv "node" "/usr/local/bin/npm" "update" "-g" "bower"
72 error node v0.12.0
73 error npm  v2.5.1
74 error path /usr/local/bin/bower
75 error code EACCES
76 error errno -13
77 error Error: EACCES, unlink '/usr/local/bin/bower'
77 error     at Error (native)
77 error  { [Error: EACCES, unlink '/usr/local/bin/bower'] errno: -13, code: 'EACCES', path: '/usr/local/bin/bower' }
78 error Please try running this command again as root/Administrator.
79 verbose exit [ -13, true ]
80 verbose unbuild lib/node_modules/bower
81 info preuninstall bower@1.3.12
82 info uninstall bower@1.3.12
83 verbose unbuild rmStuff bower@1.3.12 from /usr/local/lib/node_modules
84 verbose gentlyRm verifying that /usr/local is managed by npm
85 silly isManaged /usr/local is not inside /usr/local/lib/node_modules
86 silly isManaged /usr/local is not inside /usr/local/lib/node_modules
87 silly isManaged /usr/local is not inside /usr/local/bin
88 silly isManaged /usr/local is inside /usr/local
89 silly gentlyRm /usr/local is managed by npm
90 silly gentlyRm /usr/local/bin/bower is under /usr/local
91 verbose gentlyRm vacuuming /usr/local/bin/bower up to /usr/local
92 silly gentlyRm removing /usr/local/bin/bower
93 error error rolling back Error: EACCES, unlink '/usr/local/bin/bower'
93 error error rolling back     at Error (native)
93 error error rolling back  { [Error: EACCES, unlink '/usr/local/bin/bower'] errno: -13, code: 'EACCES', path: '/usr/local/bin/bower' }
